app/build/outputs/logs/manifest-merger-debug-report.txt
-- Merging decision tree log ---
manifest
ADDED from src\main\AndroidManifest.xml:2:1-95:12
	package
		ADDED from src\main\AndroidManifest.xml:3:5-30
		INJECTED from src\main\AndroidManifest.xml
		INJECTED from src\main\AndroidManifest.xml
	android:versionName
		ADDED from src\main\AndroidManifest.xml:6:5-32
		INJECTED from src\main\AndroidManifest.xml
		INJECTED from src\main\AndroidManifest.xml
	android:versionCode
		ADDED from src\main\AndroidManifest.xml:5:5-29
		INJECTED from src\main\AndroidManifest.xml
		INJECTED from src\main\AndroidManifest.xml
	xmlns:android
		ADDED from src\main\AndroidManifest.xml:2:11-69
	android:installLocation
		ADDED from src\main\AndroidManifest.xml:4:5-35
uses-sdk
ADDED from src\main\AndroidManifest.xml:8:5-10:41
	android:targetSdkVersion
		ADDED from src\main\AndroidManifest.xml:10:9-38
		INJECTED from src\main\AndroidManifest.xml
		INJECTED from src\main\AndroidManifest.xml
	android:minSdkVersion
		ADDED from src\main\AndroidManifest.xml:9:9-35
		INJECTED from src\main\AndroidManifest.xml
		INJECTED from src\main\AndroidManifest.xml
uses-permission#android.permission.VIBRATE
ADDED from src\main\AndroidManifest.xml:12:5-66
	android:name
		ADDED from src\main\AndroidManifest.xml:12:22-63
application
ADDED from src\main\AndroidManifest.xml:14:5-93:19
	android:label
		ADDED from src\main\AndroidManifest.xml:17:9-41
	android:allowBackup
		ADDED from src\main\AndroidManifest.xml:18:9-35
	android:icon
		ADDED from src\main\AndroidManifest.xml:16:9-38
	android:name
		ADDED from src\main\AndroidManifest.xml:15:9-33
activity#com.settlers.hd.Main
ADDED from src\main\AndroidManifest.xml:19:9-32:20
	android:label
		ADDED from src\main\AndroidManifest.xml:22:13-45
	android:configChanges
		ADDED from src\main\AndroidManifest.xml:21:13-43
	android:theme
		ADDED from src\main\AndroidManifest.xml:23:13-54
	android:name
		ADDED from src\main\AndroidManifest.xml:20:13-33
intent-filter#android.intent.action.MAIN+android.intent.category.LAUNCHER
ADDED from src\main\AndroidManifest.xml:24:13-31:29
action#android.intent.action.MAIN
ADDED from src\main\AndroidManifest.xml:25:17-28:60
	android:screenOrientation
		ADDED from src\main\AndroidManifest.xml:28:21-57
	android:launchMode
		ADDED from src\main\AndroidManifest.xml:27:21-50
	android:name
		ADDED from src\main\AndroidManifest.xml:26:21-62
category#android.intent.category.LAUNCHER
ADDED from src\main\AndroidManifest.xml:30:17-77
	android:name
		ADDED from src\main\AndroidManifest.xml:30:27-74
activity#com.settlers.hd.LocalGame
ADDED from src\main\AndroidManifest.xml:33:9-38:20
	android:label
		ADDED from src\main\AndroidManifest.xml:35:13-45
	android:launchMode
		ADDED from src\main\AndroidManifest.xml:36:13-42
	android:theme
		ADDED from src\main\AndroidManifest.xml:37:13-61
	android:name
		ADDED from src\main\AndroidManifest.xml:34:13-38
activity#com.settlers.hd.Reference
ADDED from src\main\AndroidManifest.xml:39:9-44:20
	android:label
		ADDED from src\main\AndroidManifest.xml:41:13-45
	android:launchMode
		ADDED from src\main\AndroidManifest.xml:42:13-42
	android:theme
		ADDED from src\main\AndroidManifest.xml:43:13-61
	android:name
		ADDED from src\main\AndroidManifest.xml:40:13-38
activity#com.settlers.hd.Status
ADDED from src\main\AndroidManifest.xml:45:9-50:20
	android:label
		ADDED from src\main\AndroidManifest.xml:47:13-45
	android:launchMode
		ADDED from src\main\AndroidManifest.xml:48:13-42
	android:theme
		ADDED from src\main\AndroidManifest.xml:49:13-61
	android:name
		ADDED from src\main\AndroidManifest.xml:46:13-35
activity#com.settlers.hd.Discard
ADDED from src\main\AndroidManifest.xml:51:9-56:20
	android:label
		ADDED from src\main\AndroidManifest.xml:53:13-45
	android:launchMode
		ADDED from src\main\AndroidManifest.xml:54:13-42
	android:theme
		ADDED from src\main\AndroidManifest.xml:55:13-61
	android:name
		ADDED from src\main\AndroidManifest.xml:52:13-36
activity#com.settlers.hd.Stats
ADDED from src\main\AndroidManifest.xml:57:9-62:20
	android:label
		ADDED from src\main\AndroidManifest.xml:59:13-45
	android:launchMode
		ADDED from src\main\AndroidManifest.xml:60:13-42
	android:theme
		ADDED from src\main\AndroidManifest.xml:61:13-61
	android:name
		ADDED from src\main\AndroidManifest.xml:58:13-34
activity#com.settlers.hd.GameActivity
ADDED from src\main\AndroidManifest.xml:63:9-68:20
	android:label
		ADDED from src\main\AndroidManifest.xml:65:13-45
	android:launchMode
		ADDED from src\main\AndroidManifest.xml:66:13-42
	android:theme
		ADDED from src\main\AndroidManifest.xml:67:13-54
	android:name
		ADDED from src\main\AndroidManifest.xml:64:13-41
activity#com.settlers.hd.Rules
ADDED from src\main\AndroidManifest.xml:69:9-74:20
	android:label
		ADDED from src\main\AndroidManifest.xml:71:13-45
	android:launchMode
		ADDED from src\main\AndroidManifest.xml:72:13-42
	android:theme
		ADDED from src\main\AndroidManifest.xml:73:13-54
	android:name
		ADDED from src\main\AndroidManifest.xml:70:13-34
activity#com.settlers.hd.PlayerTrade
ADDED from src\main\AndroidManifest.xml:75:9-80:20
	android:label
		ADDED from src\main\AndroidManifest.xml:77:13-45
	android:launchMode
		ADDED from src\main\AndroidManifest.xml:78:13-42
	android:theme
		ADDED from src\main\AndroidManifest.xml:79:13-61
	android:name
		ADDED from src\main\AndroidManifest.xml:76:13-40
activity#com.settlers.hd.AcceptTrade
ADDED from src\main\AndroidManifest.xml:81:9-86:20
	android:label
		ADDED from src\main\AndroidManifest.xml:83:13-45
	android:launchMode
		ADDED from src\main\AndroidManifest.xml:84:13-42
	android:theme
		ADDED from src\main\AndroidManifest.xml:85:13-61
	android:name
		ADDED from src\main\AndroidManifest.xml:82:13-40
activity#com.settlers.hd.CounterOffer
ADDED from src\main\AndroidManifest.xml:87:9-92:20
	android:label
		ADDED from src\main\AndroidManifest.xml:89:13-45
	android:launchMode
		ADDED from src\main\AndroidManifest.xml:90:13-42
	android:theme
		ADDED from src\main\AndroidManifest.xml:91:13-61
	android:name
		ADDED from src\main\AndroidManifest.xml:88:13-41